[2014-04-05 05:53:03] production.ERROR: exception 'Symfony\Component\HttpKernel\Exception\NotFoundHttpException' in /Users/anindya/laravel/sust-cse/vendor/laravel/framework/src/Illuminate/Routing/RouteCollection.php:140
Stack trace:
#0 /Users/anindya/laravel/sust-cse/vendor/laravel/framework/src/Illuminate/Routing/Router.php(1021): Illuminate\Routing\RouteCollection->match(Object(Illuminate\Http\Request))
#1 /Users/anindya/laravel/sust-cse/vendor/laravel/framework/src/Illuminate/Routing/Router.php(989): Illuminate\Routing\Router->findRoute(Object(Illuminate\Http\Request))
#2 /Users/anindya/laravel/sust-cse/vendor/laravel/framework/src/Illuminate/Routing/Router.php(968): Illuminate\Routing\Router->dispatchToRoute(Object(Illuminate\Http\Request))
#3 /Users/anindya/laravel/sust-cse/vendor/laravel/framework/src/Illuminate/Foundation/Application.php(738): Illuminate\Routing\Router->dispatch(Object(Illuminate\Http\Request))
#4 /Users/anindya/laravel/sust-cse/vendor/laravel/framework/src/Illuminate/Foundation/Application.php(708): Illuminate\Foundation\Application->dispatch(Object(Illuminate\Http\Request))
#5 /Users/anindya/laravel/sust-cse/vendor/laravel/framework/src/Illuminate/Http/FrameGuard.php(38): Illuminate\Foundation\Application->handle(Object(Illuminate\Http\Request), 1, true)
#6 /Users/anindya/laravel/sust-cse/vendor/laravel/framework/src/Illuminate/Session/Middleware.php(72): Illuminate\Http\FrameGuard->handle(Object(Illuminate\Http\Request), 1, true)
#7 /Users/anindya/laravel/sust-cse/vendor/laravel/framework/src/Illuminate/Cookie/Queue.php(47): Illuminate\Session\Middleware->handle(Object(Illuminate\Http\Request), 1, true)
#8 /Users/anindya/laravel/sust-cse/vendor/laravel/framework/src/Illuminate/Cookie/Guard.php(51): Illuminate\Cookie\Queue->handle(Object(Illuminate\Http\Request), 1, true)
#9 /Users/anindya/laravel/sust-cse/vendor/stack/builder/src/Stack/StackedHttpKernel.php(23): Illuminate\Cookie\Guard->handle(Object(Illuminate\Http\Request), 1, true)
#10 /Users/anindya/laravel/sust-cse/vendor/laravel/framework/src/Illuminate/Foundation/Application.php(606): Stack\StackedHttpKernel->handle(Object(Illuminate\Http\Request))
#11 /Users/anindya/laravel/sust-cse/public/index.php(49): Illuminate\Foundation\Application->run()
#12 /Users/anindya/laravel/sust-cse/server.php(19): require_once('/Users/anindya/...')
#13 {main} [] []
[2014-04-05 05:53:03] production.ERROR: exception 'Symfony\Component\HttpKernel\Exception\NotFoundHttpException' in /Users/anindya/laravel/sust-cse/vendor/laravel/framework/src/Illuminate/Routing/RouteCollection.php:140
Stack trace:
#0 /Users/anindya/laravel/sust-cse/vendor/laravel/framework/src/Illuminate/Routing/Router.php(1021): Illuminate\Routing\RouteCollection->match(Object(Illuminate\Http\Request))
#1 /Users/anindya/laravel/sust-cse/vendor/laravel/framework/src/Illuminate/Routing/Router.php(989): Illuminate\Routing\Router->findRoute(Object(Illuminate\Http\Request))
#2 /Users/anindya/laravel/sust-cse/vendor/laravel/framework/src/Illuminate/Routing/Router.php(968): Illuminate\Routing\Router->dispatchToRoute(Object(Illuminate\Http\Request))
#3 /Users/anindya/laravel/sust-cse/vendor/laravel/framework/src/Illuminate/Foundation/Application.php(738): Illuminate\Routing\Router->dispatch(Object(Illuminate\Http\Request))
#4 /Users/anindya/laravel/sust-cse/vendor/laravel/framework/src/Illuminate/Foundation/Application.php(708): Illuminate\Foundation\Application->dispatch(Object(Illuminate\Http\Request))
#5 /Users/anindya/laravel/sust-cse/vendor/laravel/framework/src/Illuminate/Http/FrameGuard.php(38): Illuminate\Foundation\Application->handle(Object(Illuminate\Http\Request), 1, true)
#6 /Users/anindya/laravel/sust-cse/vendor/laravel/framework/src/Illuminate/Session/Middleware.php(72): Illuminate\Http\FrameGuard->handle(Object(Illuminate\Http\Request), 1, true)
#7 /Users/anindya/laravel/sust-cse/vendor/laravel/framework/src/Illuminate/Cookie/Queue.php(47): Illuminate\Session\Middleware->handle(Object(Illuminate\Http\Request), 1, true)
#8 /Users/anindya/laravel/sust-cse/vendor/laravel/framework/src/Illuminate/Cookie/Guard.php(51): Illuminate\Cookie\Queue->handle(Object(Illuminate\Http\Request), 1, true)
#9 /Users/anindya/laravel/sust-cse/vendor/stack/builder/src/Stack/StackedHttpKernel.php(23): Illuminate\Cookie\Guard->handle(Object(Illuminate\Http\Request), 1, true)
#10 /Users/anindya/laravel/sust-cse/vendor/laravel/framework/src/Illuminate/Foundation/Application.php(606): Stack\StackedHttpKernel->handle(Object(Illuminate\Http\Request))
#11 /Users/anindya/laravel/sust-cse/public/index.php(49): Illuminate\Foundation\Application->run()
#12 /Users/anindya/laravel/sust-cse/server.php(19): require_once('/Users/anindya/...')
#13 {main} [] []
[2014-04-05 05:53:03] production.ERROR: exception 'Symfony\Component\HttpKernel\Exception\NotFoundHttpException' in /Users/anindya/laravel/sust-cse/vendor/laravel/framework/src/Illuminate/Routing/RouteCollection.php:140
Stack trace:
#0 /Users/anindya/laravel/sust-cse/vendor/laravel/framework/src/Illuminate/Routing/Router.php(1021): Illuminate\Routing\RouteCollection->match(Object(Illuminate\Http\Request))
#1 /Users/anindya/laravel/sust-cse/vendor/laravel/framework/src/Illuminate/Routing/Router.php(989): Illuminate\Routing\Router->findRoute(Object(Illuminate\Http\Request))
#2 /Users/anindya/laravel/sust-cse/vendor/laravel/framework/src/Illuminate/Routing/Router.php(968): Illuminate\Routing\Router->dispatchToRoute(Object(Illuminate\Http\Request))
#3 /Users/anindya/laravel/sust-cse/vendor/laravel/framework/src/Illuminate/Foundation/Application.php(738): Illuminate\Routing\Router->dispatch(Object(Illuminate\Http\Request))
#4 /Users/anindya/laravel/sust-cse/vendor/laravel/framework/src/Illuminate/Foundation/Application.php(708): Illuminate\Foundation\Application->dispatch(Object(Illuminate\Http\Request))
#5 /Users/anindya/laravel/sust-cse/vendor/laravel/framework/src/Illuminate/Http/FrameGuard.php(38): Illuminate\Foundation\Application->handle(Object(Illuminate\Http\Request), 1, true)
#6 /Users/anindya/laravel/sust-cse/vendor/laravel/framework/src/Illuminate/Session/Middleware.php(72): Illuminate\Http\FrameGuard->handle(Object(Illuminate\Http\Request), 1, true)
#7 /Users/anindya/laravel/sust-cse/vendor/laravel/framework/src/Illuminate/Cookie/Queue.php(47): Illuminate\Session\Middleware->handle(Object(Illuminate\Http\Request), 1, true)
#8 /Users/anindya/laravel/sust-cse/vendor/laravel/framework/src/Illuminate/Cookie/Guard.php(51): Illuminate\Cookie\Queue->handle(Object(Illuminate\Http\Request), 1, true)
#9 /Users/anindya/laravel/sust-cse/vendor/stack/builder/src/Stack/StackedHttpKernel.php(23): Illuminate\Cookie\Guard->handle(Object(Illuminate\Http\Request), 1, true)
#10 /Users/anindya/laravel/sust-cse/vendor/laravel/framework/src/Illuminate/Foundation/Application.php(606): Stack\StackedHttpKernel->handle(Object(Illuminate\Http\Request))
#11 /Users/anindya/laravel/sust-cse/public/index.php(49): Illuminate\Foundation\Application->run()
#12 /Users/anindya/laravel/sust-cse/server.php(19): require_once('/Users/anindya/...')
#13 {main} [] []
[2014-04-05 05:53:03] production.ERROR: exception 'Symfony\Component\HttpKernel\Exception\NotFoundHttpException' in /Users/anindya/laravel/sust-cse/vendor/laravel/framework/src/Illuminate/Routing/RouteCollection.php:140
Stack trace:
#0 /Users/anindya/laravel/sust-cse/vendor/laravel/framework/src/Illuminate/Routing/Router.php(1021): Illuminate\Routing\RouteCollection->match(Object(Illuminate\Http\Request))
#1 /Users/anindya/laravel/sust-cse/vendor/laravel/framework/src/Illuminate/Routing/Router.php(989): Illuminate\Routing\Router->findRoute(Object(Illuminate\Http\Request))
#2 /Users/anindya/laravel/sust-cse/vendor/laravel/framework/src/Illuminate/Routing/Router.php(968): Illuminate\Routing\Router->dispatchToRoute(Object(Illuminate\Http\Request))
#3 /Users/anindya/laravel/sust-cse/vendor/laravel/framework/src/Illuminate/Foundation/Application.php(738): Illuminate\Routing\Router->dispatch(Object(Illuminate\Http\Request))
#4 /Users/anindya/laravel/sust-cse/vendor/laravel/framework/src/Illuminate/Foundation/Application.php(708): Illuminate\Foundation\Application->dispatch(Object(Illuminate\Http\Request))
#5 /Users/anindya/laravel/sust-cse/vendor/laravel/framework/src/Illuminate/Http/FrameGuard.php(38): Illuminate\Foundation\Application->handle(Object(Illuminate\Http\Request), 1, true)
#6 /Users/anindya/laravel/sust-cse/vendor/laravel/framework/src/Illuminate/Session/Middleware.php(72): Illuminate\Http\FrameGuard->handle(Object(Illuminate\Http\Request), 1, true)
#7 /Users/anindya/laravel/sust-cse/vendor/laravel/framework/src/Illuminate/Cookie/Queue.php(47): Illuminate\Session\Middleware->handle(Object(Illuminate\Http\Request), 1, true)
#8 /Users/anindya/laravel/sust-cse/vendor/laravel/framework/src/Illuminate/Cookie/Guard.php(51): Illuminate\Cookie\Queue->handle(Object(Illuminate\Http\Request), 1, true)
#9 /Users/anindya/laravel/sust-cse/vendor/stack/builder/src/Stack/StackedHttpKernel.php(23): Illuminate\Cookie\Guard->handle(Object(Illuminate\Http\Request), 1, true)
#10 /Users/anindya/laravel/sust-cse/vendor/laravel/framework/src/Illuminate/Foundation/Application.php(606): Stack\StackedHttpKernel->handle(Object(Illuminate\Http\Request))
#11 /Users/anindya/laravel/sust-cse/public/index.php(49): Illuminate\Foundation\Application->run()
#12 /Users/anindya/laravel/sust-cse/server.php(19): require_once('/Users/anindya/...')
#13 {main} [] []
[2014-04-05 05:53:03] production.ERROR: exception 'Symfony\Component\HttpKernel\Exception\NotFoundHttpException' in /Users/anindya/laravel/sust-cse/vendor/laravel/framework/src/Illuminate/Routing/RouteCollection.php:140
Stack trace:
#0 /Users/anindya/laravel/sust-cse/vendor/laravel/framework/src/Illuminate/Routing/Router.php(1021): Illuminate\Routing\RouteCollection->match(Object(Illuminate\Http\Request))
#1 /Users/anindya/laravel/sust-cse/vendor/laravel/framework/src/Illuminate/Routing/Router.php(989): Illuminate\Routing\Router->findRoute(Object(Illuminate\Http\Request))
#2 /Users/anindya/laravel/sust-cse/vendor/laravel/framework/src/Illuminate/Routing/Router.php(968): Illuminate\Routing\Router->dispatchToRoute(Object(Illuminate\Http\Request))
#3 /Users/anindya/laravel/sust-cse/vendor/laravel/framework/src/Illuminate/Foundation/Application.php(738): Illuminate\Routing\Router->dispatch(Object(Illuminate\Http\Request))
#4 /Users/anindya/laravel/sust-cse/vendor/laravel/framework/src/Illuminate/Foundation/Application.php(708): Illuminate\Foundation\Application->dispatch(Object(Illuminate\Http\Request))
#5 /Users/anindya/laravel/sust-cse/vendor/laravel/framework/src/Illuminate/Http/FrameGuard.php(38): Illuminate\Foundation\Application->handle(Object(Illuminate\Http\Request), 1, true)
#6 /Users/anindya/laravel/sust-cse/vendor/laravel/framework/src/Illuminate/Session/Middleware.php(72): Illuminate\Http\FrameGuard->handle(Object(Illuminate\Http\Request), 1, true)
#7 /Users/anindya/laravel/sust-cse/vendor/laravel/framework/src/Illuminate/Cookie/Queue.php(47): Illuminate\Session\Middleware->handle(Object(Illuminate\Http\Request), 1, true)
#8 /Users/anindya/laravel/sust-cse/vendor/laravel/framework/src/Illuminate/Cookie/Guard.php(51): Illuminate\Cookie\Queue->handle(Object(Illuminate\Http\Request), 1, true)
#9 /Users/anindya/laravel/sust-cse/vendor/stack/builder/src/Stack/StackedHttpKernel.php(23): Illuminate\Cookie\Guard->handle(Object(Illuminate\Http\Request), 1, true)
#10 /Users/anindya/laravel/sust-cse/vendor/laravel/framework/src/Illuminate/Foundation/Application.php(606): Stack\StackedHttpKernel->handle(Object(Illuminate\Http\Request))
#11 /Users/anindya/laravel/sust-cse/public/index.php(49): Illuminate\Foundation\Application->run()
#12 /Users/anindya/laravel/sust-cse/server.php(19): require_once('/Users/anindya/...')
#13 {main} [] []
[2014-04-05 05:53:22] production.ERROR: exception 'Symfony\Component\HttpKernel\Exception\NotFoundHttpException' in /Users/anindya/laravel/sust-cse/vendor/laravel/framework/src/Illuminate/Routing/RouteCollection.php:140
Stack trace:
#0 /Users/anindya/laravel/sust-cse/vendor/laravel/framework/src/Illuminate/Routing/Router.php(1021): Illuminate\Routing\RouteCollection->match(Object(Illuminate\Http\Request))
#1 /Users/anindya/laravel/sust-cse/vendor/laravel/framework/src/Illuminate/Routing/Router.php(989): Illuminate\Routing\Router->findRoute(Object(Illuminate\Http\Request))
#2 /Users/anindya/laravel/sust-cse/vendor/laravel/framework/src/Illuminate/Routing/Router.php(968): Illuminate\Routing\Router->dispatchToRoute(Object(Illuminate\Http\Request))
#3 /Users/anindya/laravel/sust-cse/vendor/laravel/framework/src/Illuminate/Foundation/Application.php(738): Illuminate\Routing\Router->dispatch(Object(Illuminate\Http\Request))
#4 /Users/anindya/laravel/sust-cse/vendor/laravel/framework/src/Illuminate/Foundation/Application.php(708): Illuminate\Foundation\Application->dispatch(Object(Illuminate\Http\Request))
#5 /Users/anindya/laravel/sust-cse/vendor/laravel/framework/src/Illuminate/Http/FrameGuard.php(38): Illuminate\Foundation\Application->handle(Object(Illuminate\Http\Request), 1, true)
#6 /Users/anindya/laravel/sust-cse/vendor/laravel/framework/src/Illuminate/Session/Middleware.php(72): Illuminate\Http\FrameGuard->handle(Object(Illuminate\Http\Request), 1, true)
#7 /Users/anindya/laravel/sust-cse/vendor/laravel/framework/src/Illuminate/Cookie/Queue.php(47): Illuminate\Session\Middleware->handle(Object(Illuminate\Http\Request), 1, true)
#8 /Users/anindya/laravel/sust-cse/vendor/laravel/framework/src/Illuminate/Cookie/Guard.php(51): Illuminate\Cookie\Queue->handle(Object(Illuminate\Http\Request), 1, true)
#9 /Users/anindya/laravel/sust-cse/vendor/stack/builder/src/Stack/StackedHttpKernel.php(23): Illuminate\Cookie\Guard->handle(Object(Illuminate\Http\Request), 1, true)
#10 /Users/anindya/laravel/sust-cse/vendor/laravel/framework/src/Illuminate/Foundation/Application.php(606): Stack\StackedHttpKernel->handle(Object(Illuminate\Http\Request))
#11 /Users/anindya/laravel/sust-cse/public/index.php(49): Illuminate\Foundation\Application->run()
#12 /Users/anindya/laravel/sust-cse/server.php(19): require_once('/Users/anindya/...')
#13 {main} [] []
[2014-04-05 05:53:23] production.ERROR: exception 'Symfony\Component\HttpKernel\Exception\NotFoundHttpException' in /Users/anindya/laravel/sust-cse/vendor/laravel/framework/src/Illuminate/Routing/RouteCollection.php:140
Stack trace:
#0 /Users/anindya/laravel/sust-cse/vendor/laravel/framework/src/Illuminate/Routing/Router.php(1021): Illuminate\Routing\RouteCollection->match(Object(Illuminate\Http\Request))
#1 /Users/anindya/laravel/sust-cse/vendor/laravel/framework/src/Illuminate/Routing/Router.php(989): Illuminate\Routing\Router->findRoute(Object(Illuminate\Http\Request))
#2 /Users/anindya/laravel/sust-cse/vendor/laravel/framework/src/Illuminate/Routing/Router.php(968): Illuminate\Routing\Router->dispatchToRoute(Object(Illuminate\Http\Request))
#3 /Users/anindya/laravel/sust-cse/vendor/laravel/framework/src/Illuminate/Foundation/Application.php(738): Illuminate\Routing\Router->dispatch(Object(Illuminate\Http\Request))
#4 /Users/anindya/laravel/sust-cse/vendor/laravel/framework/src/Illuminate/Foundation/Application.php(708): Illuminate\Foundation\Application->dispatch(Object(Illuminate\Http\Request))
#5 /Users/anindya/laravel/sust-cse/vendor/laravel/framework/src/Illuminate/Http/FrameGuard.php(38): Illuminate\Foundation\Application->handle(Object(Illuminate\Http\Request), 1, true)
#6 /Users/anindya/laravel/sust-cse/vendor/laravel/framework/src/Illuminate/Session/Middleware.php(72): Illuminate\Http\FrameGuard->handle(Object(Illuminate\Http\Request), 1, true)
#7 /Users/anindya/laravel/sust-cse/vendor/laravel/framework/src/Illuminate/Cookie/Queue.php(47): Illuminate\Session\Middleware->handle(Object(Illuminate\Http\Request), 1, true)
#8 /Users/anindya/laravel/sust-cse/vendor/laravel/framework/src/Illuminate/Cookie/Guard.php(51): Illuminate\Cookie\Queue->handle(Object(Illuminate\Http\Request), 1, true)
#9 /Users/anindya/laravel/sust-cse/vendor/stack/builder/src/Stack/StackedHttpKernel.php(23): Illuminate\Cookie\Guard->handle(Object(Illuminate\Http\Request), 1, true)
#10 /Users/anindya/laravel/sust-cse/vendor/laravel/framework/src/Illuminate/Foundation/Application.php(606): Stack\StackedHttpKernel->handle(Object(Illuminate\Http\Request))
#11 /Users/anindya/laravel/sust-cse/public/index.php(49): Illuminate\Foundation\Application->run()
#12 /Users/anindya/laravel/sust-cse/server.php(19): require_once('/Users/anindya/...')
#13 {main} [] []
[2014-04-05 05:53:23] production.ERROR: exception 'Symfony\Component\HttpKernel\Exception\NotFoundHttpException' in /Users/anindya/laravel/sust-cse/vendor/laravel/framework/src/Illuminate/Routing/RouteCollection.php:140
Stack trace:
#0 /Users/anindya/laravel/sust-cse/vendor/laravel/framework/src/Illuminate/Routing/Router.php(1021): Illuminate\Routing\RouteCollection->match(Object(Illuminate\Http\Request))
#1 /Users/anindya/laravel/sust-cse/vendor/laravel/framework/src/Illuminate/Routing/Router.php(989): Illuminate\Routing\Router->findRoute(Object(Illuminate\Http\Request))
#2 /Users/anindya/laravel/sust-cse/vendor/laravel/framework/src/Illuminate/Routing/Router.php(968): Illuminate\Routing\Router->dispatchToRoute(Object(Illuminate\Http\Request))
#3 /Users/anindya/laravel/sust-cse/vendor/laravel/framework/src/Illuminate/Foundation/Application.php(738): Illuminate\Routing\Router->dispatch(Object(Illuminate\Http\Request))
#4 /Users/anindya/laravel/sust-cse/vendor/laravel/framework/src/Illuminate/Foundation/Application.php(708): Illuminate\Foundation\Application->dispatch(Object(Illuminate\Http\Request))
#5 /Users/anindya/laravel/sust-cse/vendor/laravel/framework/src/Illuminate/Http/FrameGuard.php(38): Illuminate\Foundation\Application->handle(Object(Illuminate\Http\Request), 1, true)
#6 /Users/anindya/laravel/sust-cse/vendor/laravel/framework/src/Illuminate/Session/Middleware.php(72): Illuminate\Http\FrameGuard->handle(Object(Illuminate\Http\Request), 1, true)
#7 /Users/anindya/laravel/sust-cse/vendor/laravel/framework/src/Illuminate/Cookie/Queue.php(47): Illuminate\Session\Middleware->handle(Object(Illuminate\Http\Request), 1, true)
#8 /Users/anindya/laravel/sust-cse/vendor/laravel/framework/src/Illuminate/Cookie/Guard.php(51): Illuminate\Cookie\Queue->handle(Object(Illuminate\Http\Request), 1, true)
#9 /Users/anindya/laravel/sust-cse/vendor/stack/builder/src/Stack/StackedHttpKernel.php(23): Illuminate\Cookie\Guard->handle(Object(Illuminate\Http\Request), 1, true)
#10 /Users/anindya/laravel/sust-cse/vendor/laravel/framework/src/Illuminate/Foundation/Application.php(606): Stack\StackedHttpKernel->handle(Object(Illuminate\Http\Request))
#11 /Users/anindya/laravel/sust-cse/public/index.php(49): Illuminate\Foundation\Application->run()
#12 /Users/anindya/laravel/sust-cse/server.php(19): require_once('/Users/anindya/...')
#13 {main} [] []
[2014-04-05 05:53:23] production.ERROR: exception 'Symfony\Component\HttpKernel\Exception\NotFoundHttpException' in /Users/anindya/laravel/sust-cse/vendor/laravel/framework/src/Illuminate/Routing/RouteCollection.php:140
Stack trace:
#0 /Users/anindya/laravel/sust-cse/vendor/laravel/framework/src/Illuminate/Routing/Router.php(1021): Illuminate\Routing\RouteCollection->match(Object(Illuminate\Http\Request))
#1 /Users/anindya/laravel/sust-cse/vendor/laravel/framework/src/Illuminate/Routing/Router.php(989): Illuminate\Routing\Router->findRoute(Object(Illuminate\Http\Request))
#2 /Users/anindya/laravel/sust-cse/vendor/laravel/framework/src/Illuminate/Routing/Router.php(968): Illuminate\Routing\Router->dispatchToRoute(Object(Illuminate\Http\Request))
#3 /Users/anindya/laravel/sust-cse/vendor/laravel/framework/src/Illuminate/Foundation/Application.php(738): Illuminate\Routing\Router->dispatch(Object(Illuminate\Http\Request))
#4 /Users/anindya/laravel/sust-cse/vendor/laravel/framework/src/Illuminate/Foundation/Application.php(708): Illuminate\Foundation\Application->dispatch(Object(Illuminate\Http\Request))
#5 /Users/anindya/laravel/sust-cse/vendor/laravel/framework/src/Illuminate/Http/FrameGuard.php(38): Illuminate\Foundation\Application->handle(Object(Illuminate\Http\Request), 1, true)
#6 /Users/anindya/laravel/sust-cse/vendor/laravel/framework/src/Illuminate/Session/Middleware.php(72): Illuminate\Http\FrameGuard->handle(Object(Illuminate\Http\Request), 1, true)
#7 /Users/anindya/laravel/sust-cse/vendor/laravel/framework/src/Illuminate/Cookie/Queue.php(47): Illuminate\Session\Middleware->handle(Object(Illuminate\Http\Request), 1, true)
#8 /Users/anindya/laravel/sust-cse/vendor/laravel/framework/src/Illuminate/Cookie/Guard.php(51): Illuminate\Cookie\Queue->handle(Object(Illuminate\Http\Request), 1, true)
#9 /Users/anindya/laravel/sust-cse/vendor/stack/builder/src/Stack/StackedHttpKernel.php(23): Illuminate\Cookie\Guard->handle(Object(Illuminate\Http\Request), 1, true)
#10 /Users/anindya/laravel/sust-cse/vendor/laravel/framework/src/Illuminate/Foundation/Application.php(606): Stack\StackedHttpKernel->handle(Object(Illuminate\Http\Request))
#11 /Users/anindya/laravel/sust-cse/public/index.php(49): Illuminate\Foundation\Application->run()
#12 /Users/anindya/laravel/sust-cse/server.php(19): require_once('/Users/anindya/...')
#13 {main} [] []
[2014-04-05 05:53:24] production.ERROR: exception 'Symfony\Component\HttpKernel\Exception\NotFoundHttpException' in /Users/anindya/laravel/sust-cse/vendor/laravel/framework/src/Illuminate/Routing/RouteCollection.php:140
Stack trace:
#0 /Users/anindya/laravel/sust-cse/vendor/laravel/framework/src/Illuminate/Routing/Router.php(1021): Illuminate\Routing\RouteCollection->match(Object(Illuminate\Http\Request))
#1 /Users/anindya/laravel/sust-cse/vendor/laravel/framework/src/Illuminate/Routing/Router.php(989): Illuminate\Routing\Router->findRoute(Object(Illuminate\Http\Request))
#2 /Users/anindya/laravel/sust-cse/vendor/laravel/framework/src/Illuminate/Routing/Router.php(968): Illuminate\Routing\Router->dispatchToRoute(Object(Illuminate\Http\Request))
#3 /Users/anindya/laravel/sust-cse/vendor/laravel/framework/src/Illuminate/Foundation/Application.php(738): Illuminate\Routing\Router->dispatch(Object(Illuminate\Http\Request))
#4 /Users/anindya/laravel/sust-cse/vendor/laravel/framework/src/Illuminate/Foundation/Application.php(708): Illuminate\Foundation\Application->dispatch(Object(Illuminate\Http\Request))
#5 /Users/anindya/laravel/sust-cse/vendor/laravel/framework/src/Illuminate/Http/FrameGuard.php(38): Illuminate\Foundation\Application->handle(Object(Illuminate\Http\Request), 1, true)
#6 /Users/anindya/laravel/sust-cse/vendor/laravel/framework/src/Illuminate/Session/Middleware.php(72): Illuminate\Http\FrameGuard->handle(Object(Illuminate\Http\Request), 1, true)
#7 /Users/anindya/laravel/sust-cse/vendor/laravel/framework/src/Illuminate/Cookie/Queue.php(47): Illuminate\Session\Middleware->handle(Object(Illuminate\Http\Request), 1, true)
#8 /Users/anindya/laravel/sust-cse/vendor/laravel/framework/src/Illuminate/Cookie/Guard.php(51): Illuminate\Cookie\Queue->handle(Object(Illuminate\Http\Request), 1, true)
#9 /Users/anindya/laravel/sust-cse/vendor/stack/builder/src/Stack/StackedHttpKernel.php(23): Illuminate\Cookie\Guard->handle(Object(Illuminate\Http\Request), 1, true)
#10 /Users/anindya/laravel/sust-cse/vendor/laravel/framework/src/Illuminate/Foundation/Application.php(606): Stack\StackedHttpKernel->handle(Object(Illuminate\Http\Request))
#11 /Users/anindya/laravel/sust-cse/public/index.php(49): Illuminate\Foundation\Application->run()
#12 /Users/anindya/laravel/sust-cse/server.php(19): require_once('/Users/anindya/...')
#13 {main} [] []
[2014-04-05 05:53:24] production.ERROR: exception 'Symfony\Component\HttpKernel\Exception\NotFoundHttpException' in /Users/anindya/laravel/sust-cse/vendor/laravel/framework/src/Illuminate/Routing/RouteCollection.php:140
Stack trace:
#0 /Users/anindya/laravel/sust-cse/vendor/laravel/framework/src/Illuminate/Routing/Router.php(1021): Illuminate\Routing\RouteCollection->match(Object(Illuminate\Http\Request))
#1 /Users/anindya/laravel/sust-cse/vendor/laravel/framework/src/Illuminate/Routing/Router.php(989): Illuminate\Routing\Router->findRoute(Object(Illuminate\Http\Request))
#2 /Users/anindya/laravel/sust-cse/vendor/laravel/framework/src/Illuminate/Routing/Router.php(968): Illuminate\Routing\Router->dispatchToRoute(Object(Illuminate\Http\Request))
#3 /Users/anindya/laravel/sust-cse/vendor/laravel/framework/src/Illuminate/Foundation/Application.php(738): Illuminate\Routing\Router->dispatch(Object(Illuminate\Http\Request))
#4 /Users/anindya/laravel/sust-cse/vendor/laravel/framework/src/Illuminate/Foundation/Application.php(708): Illuminate\Foundation\Application->dispatch(Object(Illuminate\Http\Request))
#5 /Users/anindya/laravel/sust-cse/vendor/laravel/framework/src/Illuminate/Http/FrameGuard.php(38): Illuminate\Foundation\Application->handle(Object(Illuminate\Http\Request), 1, true)
#6 /Users/anindya/laravel/sust-cse/vendor/laravel/framework/src/Illuminate/Session/Middleware.php(72): Illuminate\Http\FrameGuard->handle(Object(Illuminate\Http\Request), 1, true)
#7 /Users/anindya/laravel/sust-cse/vendor/laravel/framework/src/Illuminate/Cookie/Queue.php(47): Illuminate\Session\Middleware->handle(Object(Illuminate\Http\Request), 1, true)
#8 /Users/anindya/laravel/sust-cse/vendor/laravel/framework/src/Illuminate/Cookie/Guard.php(51): Illuminate\Cookie\Queue->handle(Object(Illuminate\Http\Request), 1, true)
#9 /Users/anindya/laravel/sust-cse/vendor/stack/builder/src/Stack/StackedHttpKernel.php(23): Illuminate\Cookie\Guard->handle(Object(Illuminate\Http\Request), 1, true)
#10 /Users/anindya/laravel/sust-cse/vendor/laravel/framework/src/Illuminate/Foundation/Application.php(606): Stack\StackedHttpKernel->handle(Object(Illuminate\Http\Request))
#11 /Users/anindya/laravel/sust-cse/public/index.php(49): Illuminate\Foundation\Application->run()
#12 /Users/anindya/laravel/sust-cse/server.php(19): require_once('/Users/anindya/...')
#13 {main} [] []
[2014-04-05 05:53:24] production.ERROR: exception 'Symfony\Component\HttpKernel\Exception\NotFoundHttpException' in /Users/anindya/laravel/sust-cse/vendor/laravel/framework/src/Illuminate/Routing/RouteCollection.php:140
Stack trace:
#0 /Users/anindya/laravel/sust-cse/vendor/laravel/framework/src/Illuminate/Routing/Router.php(1021): Illuminate\Routing\RouteCollection->match(Object(Illuminate\Http\Request))
#1 /Users/anindya/laravel/sust-cse/vendor/laravel/framework/src/Illuminate/Routing/Router.php(989): Illuminate\Routing\Router->findRoute(Object(Illuminate\Http\Request))
#2 /Users/anindya/laravel/sust-cse/vendor/laravel/framework/src/Illuminate/Routing/Router.php(968): Illuminate\Routing\Router->dispatchToRoute(Object(Illuminate\Http\Request))
#3 /Users/anindya/laravel/sust-cse/vendor/laravel/framework/src/Illuminate/Foundation/Application.php(738): Illuminate\Routing\Router->dispatch(Object(Illuminate\Http\Request))
#4 /Users/anindya/laravel/sust-cse/vendor/laravel/framework/src/Illuminate/Foundation/Application.php(708): Illuminate\Foundation\Application->dispatch(Object(Illuminate\Http\Request))
#5 /Users/anindya/laravel/sust-cse/vendor/laravel/framework/src/Illuminate/Http/FrameGuard.php(38): Illuminate\Foundation\Application->handle(Object(Illuminate\Http\Request), 1, true)
#6 /Users/anindya/laravel/sust-cse/vendor/laravel/framework/src/Illuminate/Session/Middleware.php(72): Illuminate\Http\FrameGuard->handle(Object(Illuminate\Http\Request), 1, true)
#7 /Users/anindya/laravel/sust-cse/vendor/laravel/framework/src/Illuminate/Cookie/Queue.php(47): Illuminate\Session\Middleware->handle(Object(Illuminate\Http\Request), 1, true)
#8 /Users/anindya/laravel/sust-cse/vendor/laravel/framework/src/Illuminate/Cookie/Guard.php(51): Illuminate\Cookie\Queue->handle(Object(Illuminate\Http\Request), 1, true)
#9 /Users/anindya/laravel/sust-cse/vendor/stack/builder/src/Stack/StackedHttpKernel.php(23): Illuminate\Cookie\Guard->handle(Object(Illuminate\Http\Request), 1, true)
#10 /Users/anindya/laravel/sust-cse/vendor/laravel/framework/src/Illuminate/Foundation/Application.php(606): Stack\StackedHttpKernel->handle(Object(Illuminate\Http\Request))
#11 /Users/anindya/laravel/sust-cse/public/index.php(49): Illuminate\Foundation\Application->run()
#12 /Users/anindya/laravel/sust-cse/server.php(19): require_once('/Users/anindya/...')
#13 {main} [] []
[2014-04-05 05:53:24] production.ERROR: exception 'Symfony\Component\HttpKernel\Exception\NotFoundHttpException' in /Users/anindya/laravel/sust-cse/vendor/laravel/framework/src/Illuminate/Routing/RouteCollection.php:140
Stack trace:
#0 /Users/anindya/laravel/sust-cse/vendor/laravel/framework/src/Illuminate/Routing/Router.php(1021): Illuminate\Routing\RouteCollection->match(Object(Illuminate\Http\Request))
#1 /Users/anindya/laravel/sust-cse/vendor/laravel/framework/src/Illuminate/Routing/Router.php(989): Illuminate\Routing\Router->findRoute(Object(Illuminate\Http\Request))
#2 /Users/anindya/laravel/sust-cse/vendor/laravel/framework/src/Illuminate/Routing/Router.php(968): Illuminate\Routing\Router->dispatchToRoute(Object(Illuminate\Http\Request))
#3 /Users/anindya/laravel/sust-cse/vendor/laravel/framework/src/Illuminate/Foundation/Application.php(738): Illuminate\Routing\Router->dispatch(Object(Illuminate\Http\Request))
#4 /Users/anindya/laravel/sust-cse/vendor/laravel/framework/src/Illuminate/Foundation/Application.php(708): Illuminate\Foundation\Application->dispatch(Object(Illuminate\Http\Request))
#5 /Users/anindya/laravel/sust-cse/vendor/laravel/framework/src/Illuminate/Http/FrameGuard.php(38): Illuminate\Foundation\Application->handle(Object(Illuminate\Http\Request), 1, true)
#6 /Users/anindya/laravel/sust-cse/vendor/laravel/framework/src/Illuminate/Session/Middleware.php(72): Illuminate\Http\FrameGuard->handle(Object(Illuminate\Http\Request), 1, true)
#7 /Users/anindya/laravel/sust-cse/vendor/laravel/framework/src/Illuminate/Cookie/Queue.php(47): Illuminate\Session\Middleware->handle(Object(Illuminate\Http\Request), 1, true)
#8 /Users/anindya/laravel/sust-cse/vendor/laravel/framework/src/Illuminate/Cookie/Guard.php(51): Illuminate\Cookie\Queue->handle(Object(Illuminate\Http\Request), 1, true)
#9 /Users/anindya/laravel/sust-cse/vendor/stack/builder/src/Stack/StackedHttpKernel.php(23): Illuminate\Cookie\Guard->handle(Object(Illuminate\Http\Request), 1, true)
#10 /Users/anindya/laravel/sust-cse/vendor/laravel/framework/src/Illuminate/Foundation/Application.php(606): Stack\StackedHttpKernel->handle(Object(Illuminate\Http\Request))
#11 /Users/anindya/laravel/sust-cse/public/index.php(49): Illuminate\Foundation\Application->run()
#12 /Users/anindya/laravel/sust-cse/server.php(19): require_once('/Users/anindya/...')
#13 {main} [] []
[2014-04-05 05:54:27] production.ERROR: exception 'Symfony\Component\HttpKernel\Exception\NotFoundHttpException' in /Users/anindya/laravel/sust-cse/vendor/laravel/framework/src/Illuminate/Routing/RouteCollection.php:140
Stack trace:
#0 /Users/anindya/laravel/sust-cse/vendor/laravel/framework/src/Illuminate/Routing/Router.php(1021): Illuminate\Routing\RouteCollection->match(Object(Illuminate\Http\Request))
#1 /Users/anindya/laravel/sust-cse/vendor/laravel/framework/src/Illuminate/Routing/Router.php(989): Illuminate\Routing\Router->findRoute(Object(Illuminate\Http\Request))
#2 /Users/anindya/laravel/sust-cse/vendor/laravel/framework/src/Illuminate/Routing/Router.php(968): Illuminate\Routing\Router->dispatchToRoute(Object(Illuminate\Http\Request))
#3 /Users/anindya/laravel/sust-cse/vendor/laravel/framework/src/Illuminate/Foundation/Application.php(738): Illuminate\Routing\Router->dispatch(Object(Illuminate\Http\Request))
#4 /Users/anindya/laravel/sust-cse/vendor/laravel/framework/src/Illuminate/Foundation/Application.php(708): Illuminate\Foundation\Application->dispatch(Object(Illuminate\Http\Request))
#5 /Users/anindya/laravel/sust-cse/vendor/laravel/framework/src/Illuminate/Http/FrameGuard.php(38): Illuminate\Foundation\Application->handle(Object(Illuminate\Http\Request), 1, true)
#6 /Users/anindya/laravel/sust-cse/vendor/laravel/framework/src/Illuminate/Session/Middleware.php(72): Illuminate\Http\FrameGuard->handle(Object(Illuminate\Http\Request), 1, true)
#7 /Users/anindya/laravel/sust-cse/vendor/laravel/framework/src/Illuminate/Cookie/Queue.php(47): Illuminate\Session\Middleware->handle(Object(Illuminate\Http\Request), 1, true)
#8 /Users/anindya/laravel/sust-cse/vendor/laravel/framework/src/Illuminate/Cookie/Guard.php(51): Illuminate\Cookie\Queue->handle(Object(Illuminate\Http\Request), 1, true)
#9 /Users/anindya/laravel/sust-cse/vendor/stack/builder/src/Stack/StackedHttpKernel.php(23): Illuminate\Cookie\Guard->handle(Object(Illuminate\Http\Request), 1, true)
#10 /Users/anindya/laravel/sust-cse/vendor/laravel/framework/src/Illuminate/Foundation/Application.php(606): Stack\StackedHttpKernel->handle(Object(Illuminate\Http\Request))
#11 /Users/anindya/laravel/sust-cse/public/index.php(49): Illuminate\Foundation\Application->run()
#12 /Users/anindya/laravel/sust-cse/server.php(19): require_once('/Users/anindya/...')
#13 {main} [] []
[2014-04-05 05:54:27] production.ERROR: exception 'Symfony\Component\HttpKernel\Exception\NotFoundHttpException' in /Users/anindya/laravel/sust-cse/vendor/laravel/framework/src/Illuminate/Routing/RouteCollection.php:140
Stack trace:
#0 /Users/anindya/laravel/sust-cse/vendor/laravel/framework/src/Illuminate/Routing/Router.php(1021): Illuminate\Routing\RouteCollection->match(Object(Illuminate\Http\Request))
#1 /Users/anindya/laravel/sust-cse/vendor/laravel/framework/src/Illuminate/Routing/Router.php(989): Illuminate\Routing\Router->findRoute(Object(Illuminate\Http\Request))
#2 /Users/anindya/laravel/sust-cse/vendor/laravel/framework/src/Illuminate/Routing/Router.php(968): Illuminate\Routing\Router->dispatchToRoute(Object(Illuminate\Http\Request))
#3 /Users/anindya/laravel/sust-cse/vendor/laravel/framework/src/Illuminate/Foundation/Application.php(738): Illuminate\Routing\Router->dispatch(Object(Illuminate\Http\Request))
#4 /Users/anindya/laravel/sust-cse/vendor/laravel/framework/src/Illuminate/Foundation/Application.php(708): Illuminate\Foundation\Application->dispatch(Object(Illuminate\Http\Request))
#5 /Users/anindya/laravel/sust-cse/vendor/laravel/framework/src/Illuminate/Http/FrameGuard.php(38): Illuminate\Foundation\Application->handle(Object(Illuminate\Http\Request), 1, true)
#6 /Users/anindya/laravel/sust-cse/vendor/laravel/framework/src/Illuminate/Session/Middleware.php(72): Illuminate\Http\FrameGuard->handle(Object(Illuminate\Http\Request), 1, true)
#7 /Users/anindya/laravel/sust-cse/vendor/laravel/framework/src/Illuminate/Cookie/Queue.php(47): Illuminate\Session\Middleware->handle(Object(Illuminate\Http\Request), 1, true)
#8 /Users/anindya/laravel/sust-cse/vendor/laravel/framework/src/Illuminate/Cookie/Guard.php(51): Illuminate\Cookie\Queue->handle(Object(Illuminate\Http\Request), 1, true)
#9 /Users/anindya/laravel/sust-cse/vendor/stack/builder/src/Stack/StackedHttpKernel.php(23): Illuminate\Cookie\Guard->handle(Object(Illuminate\Http\Request), 1, true)
#10 /Users/anindya/laravel/sust-cse/vendor/laravel/framework/src/Illuminate/Foundation/Application.php(606): Stack\StackedHttpKernel->handle(Object(Illuminate\Http\Request))
#11 /Users/anindya/laravel/sust-cse/public/index.php(49): Illuminate\Foundation\Application->run()
#12 /Users/anindya/laravel/sust-cse/server.php(19): require_once('/Users/anindya/...')
#13 {main} [] []
[2014-04-05 05:54:27] production.ERROR: exception 'Symfony\Component\HttpKernel\Exception\NotFoundHttpException' in /Users/anindya/laravel/sust-cse/vendor/laravel/framework/src/Illuminate/Routing/RouteCollection.php:140
Stack trace:
#0 /Users/anindya/laravel/sust-cse/vendor/laravel/framework/src/Illuminate/Routing/Router.php(1021): Illuminate\Routing\RouteCollection->match(Object(Illuminate\Http\Request))
#1 /Users/anindya/laravel/sust-cse/vendor/laravel/framework/src/Illuminate/Routing/Router.php(989): Illuminate\Routing\Router->findRoute(Object(Illuminate\Http\Request))
#2 /Users/anindya/laravel/sust-cse/vendor/laravel/framework/src/Illuminate/Routing/Router.php(968): Illuminate\Routing\Router->dispatchToRoute(Object(Illuminate\Http\Request))
#3 /Users/anindya/laravel/sust-cse/vendor/laravel/framework/src/Illuminate/Foundation/Application.php(738): Illuminate\Routing\Router->dispatch(Object(Illuminate\Http\Request))
#4 /Users/anindya/laravel/sust-cse/vendor/laravel/framework/src/Illuminate/Foundation/Application.php(708): Illuminate\Foundation\Application->dispatch(Object(Illuminate\Http\Request))
#5 /Users/anindya/laravel/sust-cse/vendor/laravel/framework/src/Illuminate/Http/FrameGuard.php(38): Illuminate\Foundation\Application->handle(Object(Illuminate\Http\Request), 1, true)
#6 /Users/anindya/laravel/sust-cse/vendor/laravel/framework/src/Illuminate/Session/Middleware.php(72): Illuminate\Http\FrameGuard->handle(Object(Illuminate\Http\Request), 1, true)
#7 /Users/anindya/laravel/sust-cse/vendor/laravel/framework/src/Illuminate/Cookie/Queue.php(47): Illuminate\Session\Middleware->handle(Object(Illuminate\Http\Request), 1, true)
#8 /Users/anindya/laravel/sust-cse/vendor/laravel/framework/src/Illuminate/Cookie/Guard.php(51): Illuminate\Cookie\Queue->handle(Object(Illuminate\Http\Request), 1, true)
#9 /Users/anindya/laravel/sust-cse/vendor/stack/builder/src/Stack/StackedHttpKernel.php(23): Illuminate\Cookie\Guard->handle(Object(Illuminate\Http\Request), 1, true)
#10 /Users/anindya/laravel/sust-cse/vendor/laravel/framework/src/Illuminate/Foundation/Application.php(606): Stack\StackedHttpKernel->handle(Object(Illuminate\Http\Request))
#11 /Users/anindya/laravel/sust-cse/public/index.php(49): Illuminate\Foundation\Application->run()
#12 /Users/anindya/laravel/sust-cse/server.php(19): require_once('/Users/anindya/...')
#13 {main} [] []
[2014-04-05 05:54:39] production.ERROR: exception 'Symfony\Component\HttpKernel\Exception\NotFoundHttpException' in /Users/anindya/laravel/sust-cse/vendor/laravel/framework/src/Illuminate/Routing/RouteCollection.php:140
Stack trace:
#0 /Users/anindya/laravel/sust-cse/vendor/laravel/framework/src/Illuminate/Routing/Router.php(1021): Illuminate\Routing\RouteCollection->match(Object(Illuminate\Http\Request))
#1 /Users/anindya/laravel/sust-cse/vendor/laravel/framework/src/Illuminate/Routing/Router.php(989): Illuminate\Routing\Router->findRoute(Object(Illuminate\Http\Request))
#2 /Users/anindya/laravel/sust-cse/vendor/laravel/framework/src/Illuminate/Routing/Router.php(968): Illuminate\Routing\Router->dispatchToRoute(Object(Illuminate\Http\Request))
#3 /Users/anindya/laravel/sust-cse/vendor/laravel/framework/src/Illuminate/Foundation/Application.php(738): Illuminate\Routing\Router->dispatch(Object(Illuminate\Http\Request))
#4 /Users/anindya/laravel/sust-cse/vendor/laravel/framework/src/Illuminate/Foundation/Application.php(708): Illuminate\Foundation\Application->dispatch(Object(Illuminate\Http\Request))
#5 /Users/anindya/laravel/sust-cse/vendor/laravel/framework/src/Illuminate/Http/FrameGuard.php(38): Illuminate\Foundation\Application->handle(Object(Illuminate\Http\Request), 1, true)
#6 /Users/anindya/laravel/sust-cse/vendor/laravel/framework/src/Illuminate/Session/Middleware.php(72): Illuminate\Http\FrameGuard->handle(Object(Illuminate\Http\Request), 1, true)
#7 /Users/anindya/laravel/sust-cse/vendor/laravel/framework/src/Illuminate/Cookie/Queue.php(47): Illuminate\Session\Middleware->handle(Object(Illuminate\Http\Request), 1, true)
#8 /Users/anindya/laravel/sust-cse/vendor/laravel/framework/src/Illuminate/Cookie/Guard.php(51): Illuminate\Cookie\Queue->handle(Object(Illuminate\Http\Request), 1, true)
#9 /Users/anindya/laravel/sust-cse/vendor/stack/builder/src/Stack/StackedHttpKernel.php(23): Illuminate\Cookie\Guard->handle(Object(Illuminate\Http\Request), 1, true)
#10 /Users/anindya/laravel/sust-cse/vendor/laravel/framework/src/Illuminate/Foundation/Application.php(606): Stack\StackedHttpKernel->handle(Object(Illuminate\Http\Request))
#11 /Users/anindya/laravel/sust-cse/public/index.php(49): Illuminate\Foundation\Application->run()
#12 /Users/anindya/laravel/sust-cse/server.php(19): require_once('/Users/anindya/...')
#13 {main} [] []
[2014-04-05 05:54:39] production.ERROR: exception 'Symfony\Component\HttpKernel\Exception\NotFoundHttpException' in /Users/anindya/laravel/sust-cse/vendor/laravel/framework/src/Illuminate/Routing/RouteCollection.php:140
Stack trace:
#0 /Users/anindya/laravel/sust-cse/vendor/laravel/framework/src/Illuminate/Routing/Router.php(1021): Illuminate\Routing\RouteCollection->match(Object(Illuminate\Http\Request))
#1 /Users/anindya/laravel/sust-cse/vendor/laravel/framework/src/Illuminate/Routing/Router.php(989): Illuminate\Routing\Router->findRoute(Object(Illuminate\Http\Request))
#2 /Users/anindya/laravel/sust-cse/vendor/laravel/framework/src/Illuminate/Routing/Router.php(968): Illuminate\Routing\Router->dispatchToRoute(Object(Illuminate\Http\Request))
#3 /Users/anindya/laravel/sust-cse/vendor/laravel/framework/src/Illuminate/Foundation/Application.php(738): Illuminate\Routing\Router->dispatch(Object(Illuminate\Http\Request))
#4 /Users/anindya/laravel/sust-cse/vendor/laravel/framework/src/Illuminate/Foundation/Application.php(708): Illuminate\Foundation\Application->dispatch(Object(Illuminate\Http\Request))
#5 /Users/anindya/laravel/sust-cse/vendor/laravel/framework/src/Illuminate/Http/FrameGuard.php(38): Illuminate\Foundation\Application->handle(Object(Illuminate\Http\Request), 1, true)
#6 /Users/anindya/laravel/sust-cse/vendor/laravel/framework/src/Illuminate/Session/Middleware.php(72): Illuminate\Http\FrameGuard->handle(Object(Illuminate\Http\Request), 1, true)
#7 /Users/anindya/laravel/sust-cse/vendor/laravel/framework/src/Illuminate/Cookie/Queue.php(47): Illuminate\Session\Middleware->handle(Object(Illuminate\Http\Request), 1, true)
#8 /Users/anindya/laravel/sust-cse/vendor/laravel/framework/src/Illuminate/Cookie/Guard.php(51): Illuminate\Cookie\Queue->handle(Object(Illuminate\Http\Request), 1, true)
#9 /Users/anindya/laravel/sust-cse/vendor/stack/builder/src/Stack/StackedHttpKernel.php(23): Illuminate\Cookie\Guard->handle(Object(Illuminate\Http\Request), 1, true)
#10 /Users/anindya/laravel/sust-cse/vendor/laravel/framework/src/Illuminate/Foundation/Application.php(606): Stack\StackedHttpKernel->handle(Object(Illuminate\Http\Request))
#11 /Users/anindya/laravel/sust-cse/public/index.php(49): Illuminate\Foundation\Application->run()
#12 /Users/anindya/laravel/sust-cse/server.php(19): require_once('/Users/anindya/...')
#13 {main} [] []
[2014-04-05 05:55:04] production.ERROR: exception 'Symfony\Component\HttpKernel\Exception\NotFoundHttpException' in /Users/anindya/laravel/sust-cse/vendor/laravel/framework/src/Illuminate/Routing/RouteCollection.php:140
Stack trace:
#0 /Users/anindya/laravel/sust-cse/vendor/laravel/framework/src/Illuminate/Routing/Router.php(1021): Illuminate\Routing\RouteCollection->match(Object(Illuminate\Http\Request))
#1 /Users/anindya/laravel/sust-cse/vendor/laravel/framework/src/Illuminate/Routing/Router.php(989): Illuminate\Routing\Router->findRoute(Object(Illuminate\Http\Request))
#2 /Users/anindya/laravel/sust-cse/vendor/laravel/framework/src/Illuminate/Routing/Router.php(968): Illuminate\Routing\Router->dispatchToRoute(Object(Illuminate\Http\Request))
#3 /Users/anindya/laravel/sust-cse/vendor/laravel/framework/src/Illuminate/Foundation/Application.php(738): Illuminate\Routing\Router->dispatch(Object(Illuminate\Http\Request))
#4 /Users/anindya/laravel/sust-cse/vendor/laravel/framework/src/Illuminate/Foundation/Application.php(708): Illuminate\Foundation\Application->dispatch(Object(Illuminate\Http\Request))
#5 /Users/anindya/laravel/sust-cse/vendor/laravel/framework/src/Illuminate/Http/FrameGuard.php(38): Illuminate\Foundation\Application->handle(Object(Illuminate\Http\Request), 1, true)
#6 /Users/anindya/laravel/sust-cse/vendor/laravel/framework/src/Illuminate/Session/Middleware.php(72): Illuminate\Http\FrameGuard->handle(Object(Illuminate\Http\Request), 1, true)
#7 /Users/anindya/laravel/sust-cse/vendor/laravel/framework/src/Illuminate/Cookie/Queue.php(47): Illuminate\Session\Middleware->handle(Object(Illuminate\Http\Request), 1, true)
#8 /Users/anindya/laravel/sust-cse/vendor/laravel/framework/src/Illuminate/Cookie/Guard.php(51): Illuminate\Cookie\Queue->handle(Object(Illuminate\Http\Request), 1, true)
#9 /Users/anindya/laravel/sust-cse/vendor/stack/builder/src/Stack/StackedHttpKernel.php(23): Illuminate\Cookie\Guard->handle(Object(Illuminate\Http\Request), 1, true)
#10 /Users/anindya/laravel/sust-cse/vendor/laravel/framework/src/Illuminate/Foundation/Application.php(606): Stack\StackedHttpKernel->handle(Object(Illuminate\Http\Request))
#11 /Users/anindya/laravel/sust-cse/public/index.php(49): Illuminate\Foundation\Application->run()
#12 /Users/anindya/laravel/sust-cse/server.php(19): require_once('/Users/anindya/...')
#13 {main} [] []
[2014-04-05 06:08:40] production.ERROR: exception 'ReflectionException' with message 'Class publicController does not exist' in /Users/anindya/laravel/sust-cse/vendor/laravel/framework/src/Illuminate/Container/Container.php:485
Stack trace:
#0 /Users/anindya/laravel/sust-cse/vendor/laravel/framework/src/Illuminate/Container/Container.php(485): ReflectionClass->__construct('publicControlle...')
#1 /Users/anindya/laravel/sust-cse/vendor/laravel/framework/src/Illuminate/Container/Container.php(425): Illuminate\Container\Container->build('publicControlle...', Array)
#2 /Users/anindya/laravel/sust-cse/vendor/laravel/framework/src/Illuminate/Foundation/Application.php(463): Illuminate\Container\Container->make('publicControlle...', Array)
#3 /Users/anindya/laravel/sust-cse/vendor/laravel/framework/src/Illuminate/Routing/ControllerDispatcher.php(78): Illuminate\Foundation\Application->make('publicControlle...')
#4 /Users/anindya/laravel/sust-cse/vendor/laravel/framework/src/Illuminate/Routing/ControllerDispatcher.php(51): Illuminate\Routing\ControllerDispatcher->makeController('publicControlle...')
#5 /Users/anindya/laravel/sust-cse/vendor/laravel/framework/src/Illuminate/Routing/Router.php(934): Illuminate\Routing\ControllerDispatcher->dispatch(Object(Illuminate\Routing\Route), Object(Illuminate\Http\Request), 'publicControlle...', 'home')
#6 [internal function]: Illuminate\Routing\Router->Illuminate\Routing\{closure}()
#7 /Users/anindya/laravel/sust-cse/vendor/laravel/framework/src/Illuminate/Routing/Route.php(105): call_user_func_array(Object(Closure), Array)
#8 /Users/anindya/laravel/sust-cse/vendor/laravel/framework/src/Illuminate/Routing/Router.php(1000): Illuminate\Routing\Route->run(Object(Illuminate\Http\Request))
#9 /Users/anindya/laravel/sust-cse/vendor/laravel/framework/src/Illuminate/Routing/Router.php(968): Illuminate\Routing\Router->dispatchToRoute(Object(Illuminate\Http\Request))
#10 /Users/anindya/laravel/sust-cse/vendor/laravel/framework/src/Illuminate/Foundation/Application.php(738): Illuminate\Routing\Router->dispatch(Object(Illuminate\Http\Request))
#11 /Users/anindya/laravel/sust-cse/vendor/laravel/framework/src/Illuminate/Foundation/Application.php(708): Illuminate\Foundation\Application->dispatch(Object(Illuminate\Http\Request))
#12 /Users/anindya/laravel/sust-cse/vendor/laravel/framework/src/Illuminate/Http/FrameGuard.php(38): Illuminate\Foundation\Application->handle(Object(Illuminate\Http\Request), 1, true)
#13 /Users/anindya/laravel/sust-cse/vendor/laravel/framework/src/Illuminate/Session/Middleware.php(72): Illuminate\Http\FrameGuard->handle(Object(Illuminate\Http\Request), 1, true)
#14 /Users/anindya/laravel/sust-cse/vendor/laravel/framework/src/Illuminate/Cookie/Queue.php(47): Illuminate\Session\Middleware->handle(Object(Illuminate\Http\Request), 1, true)
#15 /Users/anindya/laravel/sust-cse/vendor/laravel/framework/src/Illuminate/Cookie/Guard.php(51): Illuminate\Cookie\Queue->handle(Object(Illuminate\Http\Request), 1, true)
#16 /Users/anindya/laravel/sust-cse/vendor/stack/builder/src/Stack/StackedHttpKernel.php(23): Illuminate\Cookie\Guard->handle(Object(Illuminate\Http\Request), 1, true)
#17 /Users/anindya/laravel/sust-cse/vendor/laravel/framework/src/Illuminate/Foundation/Application.php(606): Stack\StackedHttpKernel->handle(Object(Illuminate\Http\Request))
#18 /Users/anindya/laravel/sust-cse/public/index.php(49): Illuminate\Foundation\Application->run()
#19 /Users/anindya/laravel/sust-cse/server.php(19): require_once('/Users/anindya/...')
#20 {main} [] []
